<?xml version="1.0" encoding="UTF-8"?>
<testsuite name="SolutionTest" tests="3" skipped="0" failures="0" errors="0" timestamp="2022-07-17T07:50:44" hostname="yuanyu-ubuntu" time="0.031">
  <properties/>
  <testcase name="canJumpExample1()" classname="SolutionTest" time="0.027"/>
  <testcase name="canJumpExample2()" classname="SolutionTest" time="0.001"/>
  <testcase name="canJumpExample3()" classname="SolutionTest" time="0.001"/>
  <system-out><![CDATA[]]></system-out>
  <system-err><![CDATA[]]></system-err>
</testsuite>
